#
# A fatal error has been detected by the Java Runtime Environment:
#
#  SIGSEGV (0xb) at pc=0x00007f74e6beb401, pid=2277, tid=2354
#
# JRE version: OpenJDK Runtime Environment (11.0.8+10) (build 11.0.8+10-post-Ubuntu-0ubuntu118.04.1)
# Java VM: OpenJDK 64-Bit Server VM (11.0.8+10-post-Ubuntu-0ubuntu118.04.1, mixed mode, sharing, tiered, compressed oops, serial gc, linux-amd64)
# Problematic frame:
# C  [libjimage.so+0x2401]
#
# Core dump will be written. Default location: Core dumps may be processed with "/usr/share/apport/apport %p %s %c %d %P %E" (or dumping to /home/runner/a9-final-project-younj1601/core.2277)
#
# If you would like to submit a bug report, please visit:
#   https://bugs.launchpad.net/ubuntu/+source/openjdk-lts
#

---------------  S U M M A R Y ------------

Command Line: Main

Host: Intel(R) Xeon(R) CPU @ 2.30GHz, 4 cores, 512M, Ubuntu 18.04.5 LTS
Time: Wed Nov  4 23:52:26 2020 UTC elapsed time: 33 seconds (0d 0h 0m 33s)

---------------  T H R E A D  ---------------

Current thread (0x00007f747c001000):  JavaThread "XToolkt-Shutdown-Thread" [_thread_in_vm, id=2354, stack(0x00007f7496ff9000,0x00007f74970fa000)]

Stack: [0x00007f7496ff9000,0x00007f74970fa000],  sp=0x00007f74970f65f0,  free space=1013k
Native frames: (J=compiled Java code, A=aot compiled Java code, j=interpreted, Vv=VM code, C=native code)
C