#
# A fatal error has been detected by the Java Runtime Environment:
#
#  SIGSEGV (0xb) at pc=0x00007f5a911aa401, pid=108, tid=173
#
# JRE version: OpenJDK Runtime Environment (11.0.8+10) (build 11.0.8+10-post-Ubuntu-0ubuntu118.04.1)
# Java VM: OpenJDK 64-Bit Server VM (11.0.8+10-post-Ubuntu-0ubuntu118.04.1, mixed mode, sharing, tiered, compressed oops, serial gc, linux-amd64)
# Problematic frame:
# C  [libjimage.so+0x2401]
#
# Core dump will be written. Default location: Core dumps may be processed with "/usr/share/apport/apport %p %s %c %d %P %E" (or dumping to /home/runner/a9-final-project-younj1601/core.108)
#
# If you would like to submit a bug report, please visit:
#   https://bugs.launchpad.net/ubuntu/+source/openjdk-lts
#

---------------  S U M M A R Y ------------

Command Line: Main

Host: Intel(R) Xeon(R) CPU @ 2.30GHz, 4 cores, 953M, Ubuntu 18.04.5 LTS
Time: Wed Nov  4 13:05:58 2020 UTC elapsed time: 437 seconds (0d 0h 7m 17s)

---------------  T H R E A D  ---------------

Current thread (0x00007f5a20001000):  JavaThread "XToolkt-Shutdown-Thread" [_thread_in_vm, id=173, stack(0x00007f5a8beff000,0x00007f5a8c000000)]

Stack: [0x00007f5a8beff000,0x00007f5a8c000000],  sp=0x00007f5a8bffd060,  free space=1016k
Native frames: (J=compiled Java code, A=aot compiled Java code, j=interpreted, Vv=VM code, C=native code)
C  [libjimage.so+0x2401]
C  [libjimage.so+0x30ea]
C  [libjimage.so+0x35c6]  JIMAGE_FindResource+0xd6
V  [libjvm.so+0x59097e]
V  [libjvm.so+0x5936e0]
V  [libjvm.so+0xd50b85]
V  [libjvm.so+0xd4e51a]
V  [libjvm.so+0xd51112]
V  [libjvm.so+0x647127]
V  [libjvm.so+0xa3c57a]
V  [libjvm.so+0x844136]
V  [libjvm.so+0x84502d]
j  sun.awt.X11.XToolkit.lambda$init$0()V+0 java.desktop@11.0.8
j  sun.awt.X11.XToolkit$$Lambda$9.run()V+4 java.desktop@11.0.8
j  java.lang.Thread.run()V+11 java.base@11.0.8
v  ~StubRoutines::call_stub
V  [libjvm.so+0x84eb09]
V  [libjvm.so+0x84cc4d]
V  [libjvm.so+0x8f6c9c]
V  [libjvm.so+0xd8996f]
V  [libjvm.so+0xd860bf]
V  [libjvm.so+0xbd632e]

Java frames: (J=compiled Java code, j=interpreted, Vv=VM code)
j  sun.awt.X11.XToolkit.lambda$init$0()V+0 java.desktop@11.0.8
j  sun.awt.X11.XToolkit$$Lambda$9.run()V+4 java.desktop@11.0.8
j  java.lang.Thread.run()V+11 java.base@11.0.8
v  ~StubRoutines::call_stub

siginfo: si_signo: 11 (SIGSEGV), si_code: 1 (SEGV_MAPERR), si_addr: 0x00007f5a83904ca8

Register to memory mapping:

RAX=0x0000000000000b23 is an unknown value
RBX=0x00007f5a8bffd111 is pointing into the stack for thread: 0x00007f5a20001000
RCX=0x00007f5a8390201c is an unknown value
RDX=0x0000000000000b23 is an unknown value
RSP=0x00007f5a8bffd060 is pointing into the stack for thread: 0x00007f5a20001000
RBP=0x00007f5a8bffd080 is pointing into the stack for thread: 0x00007f5a20001000
RSI=0x00007f5a8bffd110 is pointing into the stack for thread: 0x00007f5a20001000
RDI=0x00007f5a913ad030: <offset 0x0000000000205030> in /usr/lib/jvm/java-11-openjdk-amd64/lib/libjimage.so at 0x00007f5a911a8000
R8 =0x0 is NULL
R9 =0x00000000ca0d71f0 is an unknown value
R10=0x00007f5a8bffd134 is pointing into the stack for thread: 0x00007f5a20001000
R11=0x00007f5a931e307d: <offset 0x0000000000eb307d> in /usr/lib/jvm/java-11-openjdk-amd64/lib/server/libjvm.so at 0x00007f5a92330000
R12=0x00007f5a8bffd110 is pointing into the stack for thread: 0x00007f5a20001000
R13=0x00000000000083bc is an unknown value
R14=0x00007f5a8bffe1a8 is pointing into the stack for thread: 0x00007f5a20001000
R15=0x00007f5a58129d40 points into unknown readable memory: 73 75 6e 2f 61 77 74 2f


Registers:
RAX=0x0000000000000b23, RBX=0x00007f5a8bffd111, RCX=0x00007f5a8390201c, RDX=0x0000000000000b23
RSP=0x00007f5a8bffd060, RBP=0x00007f5a8bffd080, RSI=0x00007f5a8bffd110, RDI=0x00007f5a913ad030
R8 =0x0000000000000000, R9 =0x00000000ca0d71f0, R10=0x00007f5a8bffd134, R11=0x00007f5a931e307d
R12=0x00007f5a8bffd110, R13=0x00000000000083bc, R14=0x00007f5a8bffe1a8, R15=0x00007f5a58129d40
RIP=0x00007f5a911aa401, EFLAGS=0x0000000000010246, CSGSFS=0x002b000000000033, ERR=0x0000000000000004
  TRAPNO=0x000000000000000e

Top of Stack: (sp=0x00007f5a8bffd060)
0x00007f5a8bffd060:   0000000000000000 00007f5a8c009600
0x00007f5a8bffd070:   0000000000000000 00007f5a8bffd110
0x00007f5a8bffd080:   00007f5a8bffd0f0 00007f5a911ab0ea
0x00007f5a8bffd090:   0000000000000000 0000000000000000 

Instructions: (pc=0x00007f5a911aa401)
0x00007f5a911aa301:   c5 4c 01 e3 48 89 ce e8 d3 f3 ff ff e9 69 fd ff
0x00007f5a911aa311:   ff 89 d1 0f b7 74 08 fe 66 41 89 74 0e fe e9 7a
0x00007f5a911aa321:   fe ff ff 0f 1f 40 00 8b 08 49 8d 1c 16 41 89 0e
0x00007f5a911aa331:   89 d1 8b 74 08 fc 41 89 74 0e fc 48 8d 34 10 48
0x00007f5a911aa341:   89 75 b8 e9 0b fe ff ff 0f 1f 80 00 00 00 00 0f
0x00007f5a911aa351:   b6 17 55 89 f0 48 89 e5 84 d2 74 22 48 8d 4f 01
0x00007f5a911aa361:   0f 1f 80 00 00 00 00 48 83 c1 01 0f b6 f2 0f b6
0x00007f5a911aa371:   51 ff 69 c0 93 01 00 01 31 f0 84 d2 75 e9 25 ff
0x00007f5a911aa381:   ff ff 7f 5d c3 66 2e 0f 1f 84 00 00 00 00 00 48
0x00007f5a911aa391:   85 d2 0f 84 dd 00 00 00 85 c9 0f 84 d5 00 00 00
0x00007f5a911aa3a1:   55 48 89 e5 41 55 41 54 53 48 8d 5e 01 48 83 ec
0x00007f5a911aa3b1:   08 44 0f b6 06 45 84 c0 0f 84 a9 00 00 00 49 89
0x00007f5a911aa3c1:   da b8 93 01 00 01 66 0f 1f 84 00 00 00 00 00 49
0x00007f5a911aa3d1:   83 c2 01 44 69 c8 93 01 00 01 41 0f b6 c0 45 0f
0x00007f5a911aa3e1:   b6 42 ff 44 31 c8 45 84 c0 75 e4 25 ff ff ff 7f
0x00007f5a911aa3f1:   41 89 cd 48 89 d1 31 d2 41 f7 f5 49 89 f4 89 d0
0x00007f5a911aa401:   8b 34 81 48 8b 07 ff 50 20 83 f8 00 7e 41 41 0f
0x00007f5a911aa411:   b6 14 24 84 d2 74 1c 0f 1f 84 00 00 00 00 00 69
0x00007f5a911aa421:   c0 93 01 00 01 48 83 c3 01 31 d0 0f b6 53 ff 84
0x00007f5a911aa431:   d2 75 ec 25 ff ff ff 7f 31 d2 41 f7 f5 48 83 c4
0x00007f5a911aa441:   08 89 d0 5b 41 5c 41 5d 5d c3 0f 1f 44 00 00 74
0x00007f5a911aa451:   1d f7 d0 48 83 c4 08 89 c2 5b 89 d0 41 5c 41 5d
0x00007f5a911aa461:   5d c3 0f 1f 44 00 00 b8 93 01 00 01 eb 82 ba ff
0x00007f5a911aa471:   ff ff ff eb c8 83 ca ff 89 d0 c3 0f 1f 40 00 0f
0x00007f5a911aa481:   b6 17 55 48 89 f8 48 89 e5 84 d2 75 15 eb 1a 38
0x00007f5a911aa491:   ca 75 1c 48 83 c0 01 0f b6 10 48 83 c6 01 84 d2
0x00007f5a911aa4a1:   74 07 0f b6 0e 84 c9 75 e6 5d c3 0f 1f 40 00 31
0x00007f5a911aa4b1:   c0 5d c3 66 90 66 2e 0f 1f 84 00 00 00 00 00 55
0x00007f5a911aa4c1:   48 85 f6 48 89 e5 74 57 0f 1f 80 00 00 00 00 0f
0x00007f5a911aa4d1:   b6 06 84 c0 74 49 0f b6 d0 83 e0 07 c1 fa 03 44
0x00007f5a911aa4e1:   8d 50 01 0f b6 c0 41 89 d1 48 8d 56 01 4c 8d 44
0x00007f5a911aa4f1:   06 02 31 c0 0f 1f 00 0f b6 0a 48 c1 e0 08 48 83 


Stack slot to memory mapping:
stack at sp + 0 slots: 0x0 is NULL
stack at sp + 1 slots: 0x00007f5a8c009600 points into unknown readable memory: 50 0f 00 30 5a 7f 00 00
stack at sp + 2 slots: 0x0 is NULL
stack at sp + 3 slots: 0x00007f5a8bffd110 is pointing into the stack for thread: 0x00007f5a20001000
stack at sp + 4 slots: 0x00007f5a8bffd0f0 is pointing into the stack for thread: 0x00007f5a20001000
stack at sp + 5 slots: 0x00007f5a911ab0ea: <offset 0x00000000000030ea> in /usr/lib/jvm/java-11-openjdk-amd64/lib/libjimage.so at 0x00007f5a911a8000
stack at sp + 6 slots: 0x0 is NULL
stack at sp + 7 slots: 0x0 is NULL


---------------  P R O C E S S  ---------------

Threads class SMR info:
_java_thread_list=0x00007f5a20002b40, length=17, elements={
0x00007f5a8c051000, 0x00007f5a8c05b000, 0x00007f5a8c061000, 0x00007f5a8c063800,
0x00007f5a8c065800, 0x00007f5a8c067800, 0x00007f5a8c0a2000, 0x00007f5a8c0ab000,
0x00007f5a8c2ac000, 0x00007f5a8c2b1800, 0x00007f5a8c2b7000, 0x00007f5a8c2b9000,
0x00007f5a8c016000, 0x00007f5a281d8800, 0x00007f5a60001000, 0x00007f5a60003000,
0x00007f5a20001000
}

Java Threads: ( => current thread )
  0x00007f5a8c051000 JavaThread "Reference Handler" daemon [_thread_blocked, id=111, stack(0x00007f5a9023f000,0x00007f5a90340000)]
  0x00007f5a8c05b000 JavaThread "Finalizer" daemon [_thread_blocked, id=112, stack(0x00007f5a9013e000,0x00007f5a9023f000)]
  0x00007f5a8c061000 JavaThread "Signal Dispatcher" daemon [_thread_blocked, id=113, stack(0x00007f5a9003d000,0x00007f5a9013e000)]
  0x00007f5a8c063800 JavaThread "C2 CompilerThread0" daemon [_thread_blocked, id=114, stack(0x00007f5a74001000,0x00007f5a74102000)]
  0x00007f5a8c065800 JavaThread "C1 CompilerThread0" daemon [_thread_blocked, id=115, stack(0x00007f5a67d64000,0x00007f5a67e65000)]
  0x00007f5a8c067800 JavaThread "Sweeper thread" daemon [_thread_blocked, id=116, stack(0x00007f5a67c63000,0x00007f5a67d64000)]
  0x00007f5a8c0a2000 JavaThread "Service Thread" daemon [_thread_blocked, id=117, stack(0x00007f5a67b62000,0x00007f5a67c63000)]
  0x00007f5a8c0ab000 JavaThread "Common-Cleaner" daemon [_thread_blocked, id=119, stack(0x00007f5a6795f000,0x00007f5a67a60000)]
  0x00007f5a8c2ac000 JavaThread "Java2D Disposer" daemon [_thread_blocked, id=155, stack(0x00007f5a46012000,0x00007f5a46113000)]
  0x00007f5a8c2b1800 JavaThread "AWT-XAWT" daemon [_thread_in_native, id=156, stack(0x00007f5a45f11000,0x00007f5a46012000)]
  0x00007f5a8c2b7000 JavaThread "AWT-Shutdown" [_thread_blocked, id=157, stack(0x00007f5a45e10000,0x00007f5a45f11000)]
  0x00007f5a8c2b9000 JavaThread "AWT-EventQueue-0" [_thread_blocked, id=158, stack(0x00007f5a45d0f000,0x00007f5a45e10000)]
  0x00007f5a8c016000 JavaThread "DestroyJavaVM" [_thread_blocked, id=109, stack(0x00007f5a9449d000,0x00007f5a9459e000)]
  0x00007f5a281d8800 JavaThread "TimerQueue" daemon [_thread_blocked, id=159, stack(0x00007f5a45a0e000,0x00007f5a45b0f000)]
  0x00007f5a60001000 JavaThread "SIGTERM handler" daemon [_thread_blocked, id=171, stack(0x00007f5a4590d000,0x00007f5a45a0e000)]
  0x00007f5a60003000 JavaThread "SIGHUP handler" daemon [_thread_blocked, id=172, stack(0x00007f5a4580c000,0x00007f5a4590d000)]
=>0x00007f5a20001000 JavaThread "XToolkt-Shutdown-Thread" [_thread_in_vm, id=173, stack(0x00007f5a8beff000,0x00007f5a8c000000)]

Other Threads:
  0x00007f5a8c04e000 VMThread "VM Thread" [stack: 0x00007f5a90342000,0x00007f5a90442000] [id=110]
  0x00007f5a8c0a4800 WatcherThread [stack: 0x00007f5a67a62000,0x00007f5a67b62000] [id=118]

Threads with active compile tasks:

VM state:not at safepoint (normal execution)

VM Mutex/Monitor currently owned by a thread: None

Heap address: 0x00000000f1000000, size: 240 MB, Compressed Oops mode: 32-bit
Narrow klass base: 0x0000000800000000, Narrow klass shift: 3
Compressed class space size: 1073741824 Address: 0x0000000840000000

Heap:
 def new generation   total 4928K, used 1843K [0x00000000f1000000, 0x00000000f1550000, 0x00000000f6000000)
  eden space 4416K,  40% used [0x00000000f1000000, 0x00000000f11c3228, 0x00000000f1450000)
  from space 512K,   7% used [0x00000000f1450000, 0x00000000f1459d98, 0x00000000f14d0000)
  to   space 512K,   0% used [0x00000000f14d0000, 0x00000000f14d0000, 0x00000000f1550000)
 tenured generation   total 10944K, used 3115K [0x00000000f6000000, 0x00000000f6ab0000, 0x0000000100000000)
   the space 10944K,  28% used [0x00000000f6000000, 0x00000000f630ae38, 0x00000000f630b000, 0x00000000f6ab0000)
 Metaspace       used 11132K, capacity 11603K, committed 11776K, reserved 1058816K
  class space    used 1206K, capacity 1458K, committed 1536K, reserved 1048576K

Card table byte_map: [0x00007f5a94424000,0x00007f5a9449d000] _byte_map_base: 0x00007f5a93c9c000

Polling page: 0x00007f5a945ba000

Metaspace:

Usage:
  Non-class:      9.91 MB capacity,     9.69 MB ( 98%) used,   165.37 KB (  2%) free+waste,    53.94 KB ( <1%) overhead. 
      Class:      1.42 MB capacity,     1.18 MB ( 83%) used,   221.25 KB ( 15%) free+waste,    30.00 KB (  2%) overhead. 
       Both:     11.33 MB capacity,    10.87 MB ( 96%) used,   386.62 KB (  3%) free+waste,    83.94 KB ( <1%) overhead. 

Virtual space:
  Non-class space:       10.00 MB reserved,      10.00 MB (100%) committed 
      Class space:        1.00 GB reserved,       1.50 MB ( <1%) committed 
             Both:        1.01 GB reserved,      11.50 MB (  1%) committed 

Chunk freelists:
   Non-Class:  35.00 KB
       Class:  14.00 KB
        Both:  49.00 KB

MaxMetaspaceSize: unlimited
CompressedClassSpaceSize: 1.00 GB

CodeHeap 'non-profiled nmethods': size=120036Kb used=548Kb max_used=548Kb free=119487Kb
 bounds [0x00007f5a7c3c9000, 0x00007f5a7c639000, 0x00007f5a83902000]
CodeHeap 'profiled nmethods': size=120032Kb used=3386Kb max_used=3386Kb free=116645Kb
 bounds [0x00007f5a74e91000, 0x00007f5a751e1000, 0x00007f5a7c3c9000]
CodeHeap 'non-nmethods': size=5692Kb used=1256Kb max_used=1270Kb free=4435Kb
 bounds [0x00007f5a74902000, 0x00007f5a74b72000, 0x00007f5a74e91000]
 total_blobs=2491 nmethods=1830 adapters=575
 compilation: enabled
              stopped_count=0, restarted_count=0
 full_count=0

Compilation events (20 events):
Event: 395.323 Thread 0x00007f5a8c065800 1823       3       javax.swing.text.Utilities::getTabbedTextWidth (12 bytes)
Event: 395.323 Thread 0x00007f5a8c065800 nmethod 1823 0x00007f5a751dd990 code [0x00007f5a751ddb60, 0x00007f5a751ddd00]
Event: 395.323 Thread 0x00007f5a8c065800 1824       3       javax.swing.text.Utilities::getTabbedTextWidth (15 bytes)
Event: 395.323 Thread 0x00007f5a8c065800 nmethod 1824 0x00007f5a751dde10 code [0x00007f5a751ddfc0, 0x00007f5a751de0c0]
Event: 395.323 Thread 0x00007f5a8c065800 1825       3       java.awt.geom.RectangularShape::getBounds (100 bytes)
Event: 395.324 Thread 0x00007f5a8c065800 nmethod 1825 0x00007f5a751de190 code [0x00007f5a751de500, 0x00007f5a751df3b0]
Event: 398.321 Thread 0x00007f5a8c063800 1826       4       sun.java2d.SunGraphics2D::constrain (216 bytes)
Event: 398.337 Thread 0x00007f5a8c063800 nmethod 1826 0x00007f5a7c44e890 code [0x00007f5a7c44eac0, 0x00007f5a7c44f5b8]
Event: 405.824 Thread 0x00007f5a8c063800 1827       4       javax.swing.text.View::getContainer (18 bytes)
Event: 405.825 Thread 0x00007f5a8c063800 nmethod 1827 0x00007f5a7c450010 code [0x00007f5a7c4501a0, 0x00007f5a7c450258]
Event: 412.827 Thread 0x00007f5a8c063800 1828       4       sun.awt.SunToolkit::awtUnlock (7 bytes)
Event: 412.832 Thread 0x00007f5a8c063800 nmethod 1828 0x00007f5a7c450390 code [0x00007f5a7c450560, 0x00007f5a7c450788]
Event: 415.332 Thread 0x00007f5a8c063800 1829       4       java.awt.geom.AffineTransform::translate (547 bytes)
Event: 415.333 Thread 0x00007f5a8c063800 nmethod 1829 0x00007f5a7c450910 code [0x00007f5a7c450ae0, 0x00007f5a7c450c18]
Event: 415.831 Thread 0x00007f5a8c063800 1830       4       sun.java2d.loops.ProcessPath::ProcessLine (518 bytes)
Event: 415.841 Thread 0x00007f5a8c063800 nmethod 1830 0x00007f5a7c450d10 code [0x00007f5a7c450f00, 0x00007f5a7c4514a8]
Event: 419.833 Thread 0x00007f5a8c063800 1831       4       sun.java2d.SunGraphics2D::setColor (108 bytes)
Event: 419.839 Thread 0x00007f5a8c063800 nmethod 1831 0x00007f5a7c451710 code [0x00007f5a7c4518e0, 0x00007f5a7c451bb8]
Event: 432.840 Thread 0x00007f5a8c063800 1832       4       javax.swing.text.GapContent$MarkData::getOffset (46 bytes)
Event: 432.841 Thread 0x00007f5a8c063800 nmethod 1832 0x00007f5a7c451f10 code [0x00007f5a7c4520a0, 0x00007f5a7c452138]

GC Heap History (8 events):
Event: 11.712 GC heap before
{Heap before GC invocations=0 (full 0):
 def new generation   total 4928K, used 4416K [0x00000000f1000000, 0x00000000f1550000, 0x00000000f6000000)
  eden space 4416K, 100% used [0x00000000f1000000, 0x00000000f1450000, 0x00000000f1450000)
  from space 512K,   0% used [0x00000000f1450000, 0x00000000f1450000, 0x00000000f14d0000)
  to   space 512K,   0% used [0x00000000f14d0000, 0x00000000f14d0000, 0x00000000f1550000)
 tenured generation   total 10944K, used 0K [0x00000000f6000000, 0x00000000f6ab0000, 0x0000000100000000)
   the space 10944K,   0% used [0x00000000f6000000, 0x00000000f6000000, 0x00000000f6000200, 0x00000000f6ab0000)
 Metaspace       used 4023K, capacity 4847K, committed 4992K, reserved 1056768K
  class space    used 406K, capacity 516K, committed 640K, reserved 1048576K
}
Event: 11.720 GC heap after
{Heap after GC invocations=1 (full 0):
 def new generation   total 4928K, used 511K [0x00000000f1000000, 0x00000000f1550000, 0x00000000f6000000)
  eden space 4416K,   0% used [0x00000000f1000000, 0x00000000f1000000, 0x00000000f1450000)
  from space 512K,  99% used [0x00000000f14d0000, 0x00000000f154fff8, 0x00000000f1550000)
  to   space 512K,   0% used [0x00000000f1450000, 0x00000000f1450000, 0x00000000f14d0000)
 tenured generation   total 10944K, used 840K [0x00000000f6000000, 0x00000000f6ab0000, 0x0000000100000000)
   the space 10944K,   7% used [0x00000000f6000000, 0x00000000f60d20e0, 0x00000000f60d2200, 0x00000000f6ab0000)
 Metaspace       used 4023K, capacity 4847K, committed 4992K, reserved 1056768K
  class space    used 406K, capacity 516K, committed 640K, reserved 1048576K
}
Event: 13.374 GC heap before
{Heap before GC invocations=1 (full 0):
 def new generation   total 4928K, used 4927K [0x00000000f1000000, 0x00000000f1550000, 0x00000000f6000000)
  eden space 4416K, 100% used [0x00000000f1000000, 0x00000000f1450000, 0x00000000f1450000)
  from space 512K,  99% used [0x00000000f14d0000, 0x00000000f154fff8, 0x00000000f1550000)
  to   space 512K,   0% used [0x00000000f1450000, 0x00000000f1450000, 0x00000000f14d0000)
 tenured generation   total 10944K, used 840K [0x00000000f6000000, 0x00000000f6ab0000, 0x0000000100000000)
   the space 10944K,   7% used [0x00000000f6000000, 0x00000000f60d20e0, 0x00000000f60d2200, 0x00000000f6ab0000)
 Metaspace       used 8239K, capacity 8600K, committed 8832K, reserved 1056768K
  class space    used 945K, capacity 1140K, committed 1152K, reserved 1048576K
}
Event: 13.382 GC heap after
{Heap after GC invocations=2 (full 0):
 def new generation   total 4928K, used 512K [0x00000000f1000000, 0x00000000f1550000, 0x00000000f6000000)
  eden space 4416K,   0% used [0x00000000f1000000, 0x00000000f1000000, 0x00000000f1450000)
  from space 512K, 100% used [0x00000000f1450000, 0x00000000f14d0000, 0x00000000f14d0000)
  to   space 512K,   0% used [0x00000000f14d0000, 0x00000000f14d0000, 0x00000000f1550000)
 tenured generation   total 10944K, used 1669K [0x00000000f6000000, 0x00000000f6ab0000, 0x0000000100000000)
   the space 10944K,  15% used [0x00000000f6000000, 0x00000000f61a1750, 0x00000000f61a1800, 0x00000000f6ab0000)
 Metaspace       used 8239K, capacity 8600K, committed 8832K, reserved 1056768K
  class space    used 945K, capacity 1140K, committed 1152K, reserved 1048576K
}
Event: 15.079 GC heap before
{Heap before GC invocations=2 (full 0):
 def new generation   total 4928K, used 4928K [0x00000000f1000000, 0x00000000f1550000, 0x00000000f6000000)
  eden space 4416K, 100% used [0x00000000f1000000, 0x00000000f1450000, 0x00000000f1450000)
  from space 512K, 100% used [0x00000000f1450000, 0x00000000f14d0000, 0x00000000f14d0000)
  to   space 512K,   0% used [0x00000000f14d0000, 0x00000000f14d0000, 0x00000000f1550000)
 tenured generation   total 10944K, used 1669K [0x00000000f6000000, 0x00000000f6ab0000, 0x0000000100000000)
   the space 10944K,  15% used [0x00000000f6000000, 0x00000000f61a1750, 0x00000000f61a1800, 0x00000000f6ab0000)
 Metaspace       used 10346K, capacity 10802K, committed 11008K, reserved 1058816K
  class space    used 1193K, capacity 1426K, committed 1536K, reserved 1048576K
}
Event: 15.085 GC heap after
{Heap after GC invocations=3 (full 0):
 def new generation   total 4928K, used 512K [0x00000000f1000000, 0x00000000f1550000, 0x00000000f6000000)
  eden space 4416K,   0% used [0x00000000f1000000, 0x00000000f1000000, 0x00000000f1450000)
  from space 512K, 100% used [0x00000000f14d0000, 0x00000000f1550000, 0x00000000f1550000)
  to   space 512K,   0% used [0x00000000f1450000, 0x00000000f1450000, 0x00000000f14d0000)
 tenured generation   total 10944K, used 2605K [0x00000000f6000000, 0x00000000f6ab0000, 0x0000000100000000)
   the space 10944K,  23% used [0x00000000f6000000, 0x00000000f628b650, 0x00000000f628b800, 0x00000000f6ab0000)
 Metaspace       used 10346K, capacity 10802K, committed 11008K, reserved 1058816K
  class space    used 1193K, capacity 1426K, committed 1536K, reserved 1048576K
}
Event: 319.784 GC heap before
{Heap before GC invocations=3 (full 0):
 def new generation   total 4928K, used 4928K [0x00000000f1000000, 0x00000000f1550000, 0x00000000f6000000)
  eden space 4416K, 100% used [0x00000000f1000000, 0x00000000f1450000, 0x00000000f1450000)
  from space 512K, 100% used [0x00000000f14d0000, 0x00000000f1550000, 0x00000000f1550000)
  to   space 512K,   0% used [0x00000000f1450000, 0x00000000f1450000, 0x00000000f14d0000)
 tenured generation   total 10944K, used 2605K [0x00000000f6000000, 0x00000000f6ab0000, 0x0000000100000000)
   the space 10944K,  23% used [0x00000000f6000000, 0x00000000f628b650, 0x00000000f628b800, 0x00000000f6ab0000)
 Metaspace       used 11110K, capacity 11603K, committed 11776K, reserved 1058816K
  class space    used 1206K, capacity 1458K, committed 1536K, reserved 1048576K
}
Event: 319.787 GC heap after
{Heap after GC invocations=4 (full 0):
 def new generation   total 4928K, used 39K [0x00000000f1000000, 0x00000000f1550000, 0x00000000f6000000)
  eden space 4416K,   0% used [0x00000000f1000000, 0x00000000f1000000, 0x00000000f1450000)
  from space 512K,   7% used [0x00000000f1450000, 0x00000000f1459d98, 0x00000000f14d0000)
  to   space 512K,   0% used [0x00000000f14d0000, 0x00000000f14d0000, 0x00000000f1550000)
 tenured generation   total 10944K, used 3115K [0x00000000f6000000, 0x00000000f6ab0000, 0x0000000100000000)
   the space 10944K,  28% used [0x00000000f6000000, 0x00000000f630ae38, 0x00000000f630b000, 0x00000000f6ab0000)
 Metaspace       used 11110K, capacity 11603K, committed 11776K, reserved 1058816K
  class space    used 1206K, capacity 1458K, committed 1536K, reserved 1048576K
}

Deoptimization events (20 events):
Event: 13.684 Thread 0x00007f5a8c2b9000 DEOPT PACKING pc=0x00007f5a7c3fe67c sp=0x00007f5a45e08390
Event: 13.684 Thread 0x00007f5a8c2b9000 DEOPT UNPACKING pc=0x00007f5a749281a5 sp=0x00007f5a45e08330 mode 2
Event: 13.684 Thread 0x00007f5a8c2b9000 Uncommon trap: trap_request=0xffffffc6 fr.pc=0x00007f5a7c3fe67c relative=0x00000000000007dc
Event: 13.684 Thread 0x00007f5a8c2b9000 Uncommon trap: reason=bimorphic_or_optimized_type_check action=maybe_recompile pc=0x00007f5a7c3fe67c method=java.util.concurrent.ConcurrentHashMap.get(Ljava/lang/Object;)Ljava/lang/Object; @ 149 c2
Event: 13.684 Thread 0x00007f5a8c2b9000 DEOPT PACKING pc=0x00007f5a7c3fe67c sp=0x00007f5a45e08300
Event: 13.684 Thread 0x00007f5a8c2b9000 DEOPT UNPACKING pc=0x00007f5a749281a5 sp=0x00007f5a45e082a0 mode 2
Event: 14.762 Thread 0x00007f5a8c2b9000 Uncommon trap: trap_request=0xffffff4d fr.pc=0x00007f5a7c3dab60 relative=0x00000000000001c0
Event: 14.762 Thread 0x00007f5a8c2b9000 Uncommon trap: reason=unstable_if action=reinterpret pc=0x00007f5a7c3dab60 method=java.lang.String.isLatin1()Z @ 10 c2
Event: 14.762 Thread 0x00007f5a8c2b9000 DEOPT PACKING pc=0x00007f5a7c3dab60 sp=0x00007f5a45e0a700
Event: 14.762 Thread 0x00007f5a8c2b9000 DEOPT UNPACKING pc=0x00007f5a749281a5 sp=0x00007f5a45e0a648 mode 2
Event: 14.762 Thread 0x00007f5a8c2b9000 Uncommon trap: trap_request=0xffffff4d fr.pc=0x00007f5a7c3de708 relative=0x0000000000000068
Event: 14.762 Thread 0x00007f5a8c2b9000 Uncommon trap: reason=unstable_if action=reinterpret pc=0x00007f5a7c3de708 method=java.lang.String.isLatin1()Z @ 10 c2
Event: 14.762 Thread 0x00007f5a8c2b9000 DEOPT PACKING pc=0x00007f5a7c3de708 sp=0x00007f5a45e0a690
Event: 14.762 Thread 0x00007f5a8c2b9000 DEOPT UNPACKING pc=0x00007f5a749281a5 sp=0x00007f5a45e0a640 mode 2
Event: 14.800 Thread 0x00007f5a8c2b9000 Uncommon trap: trap_request=0xffffffc6 fr.pc=0x00007f5a7c3fe67c relative=0x00000000000007dc
Event: 14.800 Thread 0x00007f5a8c2b9000 Uncommon trap: reason=bimorphic_or_optimized_type_check action=maybe_recompile pc=0x00007f5a7c3fe67c method=java.util.concurrent.ConcurrentHashMap.get(Ljava/lang/Object;)Ljava/lang/Object; @ 149 c2
Event: 14.800 Thread 0x00007f5a8c2b9000 DEOPT PACKING pc=0x00007f5a7c3fe67c sp=0x00007f5a45e0a000
Event: 14.800 Thread 0x00007f5a8c2b9000 DEOPT UNPACKING pc=0x00007f5a749281a5 sp=0x00007f5a45e09fa0 mode 2
Event: 236.746 Thread 0x00007f5a8c2b9000 DEOPT PACKING pc=0x00007f5a75072a2d sp=0x00007f5a45e0cc70
Event: 236.746 Thread 0x00007f5a8c2b9000 DEOPT UNPACKING pc=0x00007f5a74927fba sp=0x00007f5a45e0c120 mode 0

Classes redefined (0 events):
No events

Internal exceptions (20 events):
Event: 11.304 Thread 0x00007f5a8c016000 Exception <a 'java/lang/NoSuchMethodError'{0x00000000f1391c28}: 'void java.lang.invoke.DirectMethodHandle$Holder.invokeSpecial(java.lang.Object, java.lang.Object)'> (0x00000000f1391c28) thrown at [./src/hotspot/share/interpreter/linkResolver.cpp, line 773]
Event: 12.095 Thread 0x00007f5a8c2b9000 Exception <a 'java/lang/NoSuchMethodError'{0x00000000f10807d8}: 'java.lang.Object java.lang.invoke.DirectMethodHandle$Holder.invokeStatic(java.lang.Object, int, java.lang.Object, java.lang.Object, java.lang.Object, java.lang.Object)'> (0x00000000f10807d8) thrown at [./src/hotspot/share/interpreter/linkResolver.cpp, line 773]
Event: 12.096 Thread 0x00007f5a8c2b9000 Exception <a 'java/lang/NoSuchMethodError'{0x00000000f1087898}: 'java.lang.Object java.lang.invoke.DirectMethodHandle$Holder.invokeStatic(java.lang.Object, int, java.lang.Object, java.lang.Object, java.lang.Object)'> (0x00000000f1087898) thrown at [./src/hotspot/share/interpreter/linkResolver.cpp, line 773]
Event: 12.096 Thread 0x00007f5a8c2b9000 Exception <a 'java/lang/NoSuchMethodError'{0x00000000f108b690}: 'java.lang.Object java.lang.invoke.DirectMethodHandle$Holder.invokeSpecial(java.lang.Object, java.lang.Object, int, java.lang.Object, java.lang.Object, java.lang.Object)'> (0x00000000f108b690) thrown at [./src/hotspot/share/interpreter/linkResolver.cpp, line 773]
Event: 12.131 Thread 0x00007f5a8c2b9000 Exception <a 'java/lang/NoSuchMethodError'{0x00000000f10a3448}: 'java.lang.Object java.lang.invoke.DirectMethodHandle$Holder.invokeStatic(java.lang.Object, int, java.lang.Object)'> (0x00000000f10a3448) thrown at [./src/hotspot/share/interpreter/linkResolver.cpp, line 773]
Event: 12.378 Thread 0x00007f5a8c2b9000 Exception <a 'java/lang/NoSuchMethodError'{0x00000000f11a3108}: 'java.lang.Object java.lang.invoke.Invokers$Holder.linkToTargetMethod(java.lang.Object, int, java.lang.Object)'> (0x00000000f11a3108) thrown at [./src/hotspot/share/interpreter/linkResolver.cpp, line 773]
Event: 12.394 Thread 0x00007f5a8c2b9000 Exception <a 'java/lang/ClassNotFoundException'{0x00000000f11ab4f8}: com/sun/swing/internal/plaf/metal/resources/spi/metalProvider> (0x00000000f11ab4f8) thrown at [./src/hotspot/share/classfile/systemDictionary.cpp, line 231]
Event: 12.419 Thread 0x00007f5a8c2b9000 Exception <a 'java/lang/ClassNotFoundException'{0x00000000f11afca0}: com/sun/swing/internal/plaf/basic/resources/spi/basicProvider> (0x00000000f11afca0) thrown at [./src/hotspot/share/classfile/systemDictionary.cpp, line 231]
Event: 12.543 Thread 0x00007f5a8c2b9000 Exception <a 'java/lang/NoSuchMethodError'{0x00000000f12246d0}: 'void java.lang.invoke.DirectMethodHandle$Holder.invokeStaticInit(java.lang.Object)'> (0x00000000f12246d0) thrown at [./src/hotspot/share/interpreter/linkResolver.cpp, line 773]
Event: 12.584 Thread 0x00007f5a8c2b9000 Exception <a 'java/lang/NoSuchMethodError'{0x00000000f1261d28}: 'java.lang.Object java.lang.invoke.DirectMethodHandle$Holder.invokeStatic(java.lang.Object, java.lang.Object, java.lang.Object, java.lang.Object, java.lang.Object, java.lang.Object, java.lang.Object, java.lang.Object, java.lang.Object, java.lang.Object, java.lang.Object, java.lang.Object, java.lang.Object, int)'> (0x00000000f1261d28) thrown at [./src/hotspot/share/interpreter/linkResolver.cpp, line 773]
Event: 12.585 Thread 0x00007f5a8c2b9000 Exception <a 'java/lang/NoSuchMethodError'{0x00000000f126e968}: 'java.lang.Object java.lang.invoke.DirectMethodHandle$Holder.invokeStatic(java.lang.Object, java.lang.Object, java.lang.Object, java.lang.Object, java.lang.Object, java.lang.Object, java.lang.Object, java.lang.Object, java.lang.Object, java.lang.Object, java.lang.Object, java.lang.Object, java.lang.Object, int, int)'> (0x00000000f126e968) thrown at [./src/hotspot/share/interpreter/linkResolver.cpp, line 773]
Event: 13.282 Thread 0x00007f5a8c2b9000 Exception <a 'java/lang/NoSuchMethodError'{0x00000000f13cfd28}: 'java.lang.Object java.lang.invoke.DirectMethodHandle$Holder.invokeSpecial(java.lang.Object, java.lang.Object, int, int, java.lang.Object, java.lang.Object, java.lang.Object, java.lang.Object, java.lang.Object)'> (0x00000000f13cfd28) thrown at [./src/hotspot/share/interpreter/linkResolver.cpp, line 773]
Event: 13.282 Thread 0x00007f5a8c2b9000 Exception <a 'java/lang/NoSuchMethodError'{0x00000000f13d39b8}: 'java.lang.Object java.lang.invoke.DelegatingMethodHandle$Holder.reinvoke_L(java.lang.Object, int, int, java.lang.Object, java.lang.Object, java.lang.Object, java.lang.Object, java.lang.Object)'> (0x00000000f13d39b8) thrown at [./src/hotspot/share/interpreter/linkResolver.cpp, line 773]
Event: 13.386 Thread 0x00007f5a8c2b9000 Exception <a 'java/lang/NoSuchMethodError'{0x00000000f103e0b8}: 'java.lang.Object java.lang.invoke.Invokers$Holder.linkToTargetMethod(java.lang.Object, java.lang.Object, java.lang.Object, java.lang.Object, java.lang.Object, java.lang.Object)'> (0x00000000f103e0b8) thrown at [./src/hotspot/share/interpreter/linkResolver.cpp, line 773]
Event: 13.393 Thread 0x00007f5a8c2b9000 Exception <a 'java/lang/NoSuchMethodError'{0x00000000f10b2fe0}: 'java.lang.Object java.lang.invoke.DirectMethodHandle$Holder.invokeSpecial(java.lang.Object, java.lang.Object, int, int, java.lang.Object, java.lang.Object, java.lang.Object, java.lang.Object)'> (0x00000000f10b2fe0) thrown at [./src/hotspot/share/interpreter/linkResolver.cpp, line 773]
Event: 13.474 Thread 0x00007f5a8c2b9000 Exception <a 'java/lang/NoSuchMethodError'{0x00000000f10b69c0}: 'java.lang.Object java.lang.invoke.DelegatingMethodHandle$Holder.reinvoke_L(java.lang.Object, int, int, java.lang.Object, java.lang.Object, java.lang.Object, java.lang.Object)'> (0x00000000f10b69c0) thrown at [./src/hotspot/share/interpreter/linkResolver.cpp, line 773]
Event: 13.980 Thread 0x00007f5a8c2b9000 Exception <a 'java/lang/NoSuchMethodError'{0x00000000f12da958}: 'java.lang.Object java.lang.invoke.DirectMethodHandle$Holder.invokeStatic(java.lang.Object, java.lang.Object, java.lang.Object, java.lang.Object, java.lang.Object, java.lang.Object, java.lang.Object, java.lang.Object, java.lang.Object, java.lang.Object, java.lang.Object, int)'> (0x00000000f12da958) thrown at [./src/hotspot/share/interpreter/linkResolver.cpp, line 773]
Event: 13.982 Thread 0x00007f5a8c2b9000 Exception <a 'java/lang/NoSuchMethodError'{0x00000000f12f8d80}: 'java.lang.Object java.lang.invoke.DirectMethodHandle$Holder.invokeStatic(java.lang.Object, java.lang.Object, java.lang.Object, java.lang.Object, java.lang.Object, java.lang.Object, java.lang.Object, java.lang.Object, java.lang.Object, java.lang.Object, java.lang.Object, int, int)'> (0x00000000f12f8d80) thrown at [./src/hotspot/share/interpreter/linkResolver.cpp, line 773]
Event: 13.983 Thread 0x00007f5a8c2b9000 Exception <a 'java/lang/NoSuchMethodError'{0x00000000f1317c88}: 'java.lang.Object java.lang.invoke.DirectMethodHandle$Holder.invokeStatic(java.lang.Object, java.lang.Object, java.lang.Object, java.lang.Object, java.lang.Object, java.lang.Object, java.lang.Object, java.lang.Object, java.lang.Object, java.lang.Object, java.lang.Object, int, int, java.lang.Object)'> (0x00000000f1317c88) thrown at [./src/hotspot/share/interpreter/linkResolver.cpp, line 773]
Event: 13.985 Thread 0x00007f5a8c2b9000 Exception <a 'java/lang/NoSuchMethodError'{0x00000000f1338210}: 'java.lang.Object java.lang.invoke.DirectMethodHandle$Holder.invokeStatic(java.lang.Object, java.lang.Object, java.lang.Object, java.lang.Object, java.lang.Object, java.lang.Object, java.lang.Object, java.lang.Object, java.lang.Object, java.lang.Object, java.lang.Object, int, int, java.lang.Object, java.lang.Object)'> (0x00000000f1338210) thrown at [./src/hotspot/share/interpreter/linkResolver.cpp, line 773]

Events (20 events):
Event: 101.151 Loaded shared library /usr/lib/jvm/java-11-openjdk-amd64/lib/libawt_xawt.so
Event: 119.836 Loaded shared library /usr/lib/jvm/java-11-openjdk-amd64/lib/libawt_xawt.so
Event: 319.784 Executing VM operation: GenCollectForAllocation
Event: 319.787 Executing VM operation: GenCollectForAllocation done
Event: 324.787 Loaded shared library /usr/lib/jvm/java-11-openjdk-amd64/lib/libawt_xawt.so
Event: 437.068 loading class jdk/internal/misc/Signal$1
Event: 437.068 loading class jdk/internal/misc/Signal$1 done
Event: 437.068 Thread 0x00007f5a60001000 Thread added: 0x00007f5a60001000
Event: 437.068 Protecting memory [0x00007f5a4590d000,0x00007f5a45911000] with protection modes 0
Event: 437.068 Thread 0x00007f5a60003000 Thread added: 0x00007f5a60003000
Event: 437.068 Protecting memory [0x00007f5a4580c000,0x00007f5a45810000] with protection modes 0
Event: 437.069 Executing VM operation: RevokeBias
Event: 437.073 Executing VM operation: RevokeBias done
Event: 437.073 Executing VM operation: RevokeBias
Event: 437.073 Executing coalesced safepoint VM operation: RevokeBias
Event: 437.073 Executing coalesced safepoint VM operation: RevokeBias done
Event: 437.073 Executing VM operation: RevokeBias done
Event: 437.073 Thread 0x00007f5a20001000 Thread added: 0x00007f5a20001000
Event: 437.073 Protecting memory [0x00007f5a8beff000,0x00007f5a8bf03000] with protection modes 0
Event: 437.073 loading class sun/awt/X11/XSystemTrayPeer


Dynamic libraries:
f1000000-f1550000 rw-p 00000000 00:00 0 
f1550000-f6000000 ---p 00000000 00:00 0 
f6000000-f6ab0000 rw-p 00000000 00:00 0 
f6ab0000-100000000 ---p 00000000 00:00 0 
800000000-800002000 rwxp 00001000 08:01 2329376                          /usr/lib/jvm/java-11-openjdk-amd64/lib/server/classes.jsa
800002000-8003b8000 rw-p 00003000 08:01 2329376                          /usr/lib/jvm/java-11-openjdk-amd64/lib/server/classes.jsa
8003b8000-800a93000 r--p 003b9000 08:01 2329376                          /usr/lib/jvm/java-11-openjdk-amd64/lib/server/classes.jsa
800a93000-800a94000 rw-p 00a94000 08:01 2329376                          /usr/lib/jvm/java-11-openjdk-amd64/lib/server/classes.jsa
800a94000-8010a0000 r--p 00a95000 08:01 2329376                          /usr/lib/jvm/java-11-openjdk-amd64/lib/server/classes.jsa
840000000-840180000 rw-p 00000000 00:00 0 
840180000-880000000 ---p 00000000 00:00 0 
557a793e5000-557a793e6000 r-xp 00000000 08:01 2329008                    /usr/lib/jvm/java-11-openjdk-amd64/bin/java
557a795e6000-557a795e7000 r--p 00001000 08:01 2329008                    /usr/lib/jvm/java-11-openjdk-amd64/bin/java
557a795e7000-557a795e8000 rw-p 00002000 08:01 2329008                    /usr/lib/jvm/java-11-openjdk-amd64/bin/java
557a7aa71000-557a7aa92000 rw-p 00000000 00:00 0                          [heap]
7f5a20000000-7f5a20021000 rw-p 00000000 00:00 0 
7f5a20021000-7f5a24000000 ---p 00000000 00:00 0 
7f5a24000000-7f5a24021000 rw-p 00000000 00:00 0 
7f5a24021000-7f5a28000000 ---p 00000000 00:00 0 
7f5a28000000-7f5a28349000 rw-p 00000000 00:00 0 
7f5a28349000-7f5a2c000000 ---p 00000000 00:00 0 
7f5a2c000000-7f5a2c021000 rw-p 00000000 00:00 0 
7f5a2c021000-7f5a30000000 ---p 00000000 00:00 0 
7f5a30000000-7f5a30021000 rw-p 00000000 00:00 0 
7f5a30021000-7f5a34000000 ---p 00000000 00:00 0 
7f5a34000000-7f5a34021000 rw-p 00000000 00:00 0 
7f5a34021000-7f5a38000000 ---p 00000000 00:00 0 
7f5a38000000-7f5a38021000 rw-p 00000000 00:00 0 
7f5a38021000-7f5a3c000000 ---p 00000000 00:00 0 
7f5a3c000000-7f5a3c021000 rw-p 00000000 00:00 0 
7f5a3c021000-7f5a40000000 ---p 00000000 00:00 0 
7f5a40000000-7f5a40021000 rw-p 00000000 00:00 0 
7f5a40021000-7f5a44000000 ---p 00000000 00:00 0 
7f5a4580c000-7f5a45810000 ---p 00000000 00:00 0 
7f5a45810000-7f5a4590d000 rw-p 00000000 00:00 0 
7f5a4590d000-7f5a45911000 ---p 00000000 00:00 0 
7f5a45911000-7f5a45a0e000 rw-p 00000000 00:00 0 
7f5a45a0e000-7f5a45a12000 ---p 00000000 00:00 0 
7f5a45a12000-7f5a45d0f000 rw-p 00000000 00:00 0 
7f5a45d0f000-7f5a45d13000 ---p 00000000 00:00 0 
7f5a45d13000-7f5a45e10000 rw-p 00000000 00:00 0 
7f5a45e10000-7f5a45e14000 ---p 00000000 00:00 0 
7f5a45e14000-7f5a45f11000 rw-p 00000000 00:00 0 
7f5a45f11000-7f5a45f15000 ---p 00000000 00:00 0 
7f5a45f15000-7f5a46012000 rw-p 00000000 00:00 0 
7f5a46012000-7f5a46016000 ---p 00000000 00:00 0 
7f5a46016000-7f5a46113000 rw-p 00000000 00:00 0 
7f5a46113000-7f5a46118000 r-xp 00000000 08:01 1299777                    /usr/lib/x86_64-linux-gnu/libXfixes.so.3.1.0
7f5a46118000-7f5a46317000 ---p 00005000 08:01 1299777                    /usr/lib/x86_64-linux-gnu/libXfixes.so.3.1.0
7f5a46317000-7f5a46318000 r--p 00004000 08:01 1299777                    /usr/lib/x86_64-linux-gnu/libXfixes.so.3.1.0
7f5a46318000-7f5a46319000 rw-p 00005000 08:01 1299777                    /usr/lib/x86_64-linux-gnu/libXfixes.so.3.1.0
7f5a46319000-7f5a46322000 r-xp 00000000 08:01 1299769                    /usr/lib/x86_64-linux-gnu/libXcursor.so.1.0.2
7f5a46322000-7f5a46521000 ---p 00009000 08:01 1299769                    /usr/lib/x86_64-linux-gnu/libXcursor.so.1.0.2
7f5a46521000-7f5a46522000 r--p 00008000 08:01 1299769                    /usr/lib/x86_64-linux-gnu/libXcursor.so.1.0.2
7f5a46522000-7f5a46523000 rw-p 00009000 08:01 1299769                    /usr/lib/x86_64-linux-gnu/libXcursor.so.1.0.2
7f5a46523000-7f5a46524000 ---p 00000000 00:00 0 
7f5a46524000-7f5a46d24000 rw-p 00000000 00:00 0 
7f5a46d24000-7f5a46d25000 ---p 00000000 00:00 0 
7f5a46d25000-7f5a47525000 rw-p 00000000 00:00 0 
7f5a47525000-7f5a47531000 r-xp 00000000 08:01 1299523                    /usr/lib/x86_64-linux-gnu/gio/modules/libdconfsettings.so
7f5a47531000-7f5a47730000 ---p 0000c000 08:01 1299523                    /usr/lib/x86_64-linux-gnu/gio/modules/libdconfsettings.so
7f5a47730000-7f5a47731000 r--p 0000b000 08:01 1299523                    /usr/lib/x86_64-linux-gnu/gio/modules/libdconfsettings.so
7f5a47731000-7f5a47732000 rw-p 0000c000 08:01 1299523                    /usr/lib/x86_64-linux-gnu/gio/modules/libdconfsettings.so
7f5a47732000-7f5a47738000 r-xp 00000000 08:01 779572                     /lib/x86_64-linux-gnu/libuuid.so.1.3.0
7f5a47738000-7f5a47937000 ---p 00006000 08:01 779572                     /lib/x86_64-linux-gnu/libuuid.so.1.3.0
7f5a47937000-7f5a47938000 r--p 00005000 08:01 779572                     /lib/x86_64-linux-gnu/libuuid.so.1.3.0
7f5a47938000-7f5a47939000 rw-p 00006000 08:01 779572                     /lib/x86_64-linux-gnu/libuuid.so.1.3.0
7f5a47939000-7f5a47980000 r-xp 00000000 08:01 779478                     /lib/x86_64-linux-gnu/libblkid.so.1.1.0
7f5a47980000-7f5a47b80000 ---p 00047000 08:01 779478                     /lib/x86_64-linux-gnu/libblkid.so.1.1.0
7f5a47b80000-7f5a47b84000 r--p 00047000 08:01 779478                     /lib/x86_64-linux-gnu/libblkid.so.1.1.0
7f5a47b84000-7f5a47b85000 rw-p 0004b000 08:01 779478                     /lib/x86_64-linux-gnu/libblkid.so.1.1.0
7f5a47b85000-7f5a47b86000 rw-p 00000000 00:00 0 
7f5a47b86000-7f5a47bf6000 r-xp 00000000 08:01 779543                     /lib/x86_64-linux-gnu/libpcre.so.3.13.3
7f5a47bf6000-7f5a47df6000 ---p 00070000 08:01 779543                     /lib/x86_64-linux-gnu/libpcre.so.3.13.3
7f5a47df6000-7f5a47df7000 r--p 00070000 08:01 779543                     /lib/x86_64-linux-gnu/libpcre.so.3.13.3
7f5a47df7000-7f5a47df8000 rw-p 00071000 08:01 779543                     /lib/x86_64-linux-gnu/libpcre.so.3.13.3
7f5a47df8000-7f5a47dff000 r-xp 00000000 08:01 780258                     /usr/lib/x86_64-linux-gnu/libffi.so.6.0.4
7f5a47dff000-7f5a47ffe000 ---p 00007000 08:01 780258                     /usr/lib/x86_64-linux-gnu/libffi.so.6.0.4
7f5a47ffe000-7f5a47fff000 r--p 00006000 08:01 780258                     /usr/lib/x86_64-linux-gnu/libffi.so.6.0.4
7f5a47fff000-7f5a48000000 rw-p 00007000 08:01 780258                     /usr/lib/x86_64-linux-gnu/libffi.so.6.0.4
7f5a48000000-7f5a48021000 rw-p 00000000 00:00 0 
7f5a48021000-7f5a4c000000 ---p 00000000 00:00 0 
7f5a4c000000-7f5a4c021000 rw-p 00000000 00:00 0 
7f5a4c021000-7f5a50000000 ---p 00000000 00:00 0 
7f5a50000000-7f5a50021000 rw-p 00000000 00:00 0 
7f5a50021000-7f5a54000000 ---p 00000000 00:00 0 
7f5a54000000-7f5a54021000 rw-p 00000000 00:00 0 
7f5a54021000-7f5a58000000 ---p 00000000 00:00 0 
7f5a58000000-7f5a584a8000 rw-p 00000000 00:00 0 
7f5a584a8000-7f5a5c000000 ---p 00000000 00:00 0 
7f5a5c000000-7f5a5c281000 rw-p 00000000 00:00 0 
7f5a5c281000-7f5a60000000 ---p 00000000 00:00 0 
7f5a60000000-7f5a60021000 rw-p 00000000 00:00 0 
7f5a60021000-7f5a64000000 ---p 00000000 00:00 0 
7f5a6402f000-7f5a64042000 r--s 00000000 08:01 2075014                    /var/cache/fontconfig/d52a8644073d54c13679302ca1180695-le64.cache-7
7f5a64042000-7f5a64071000 r--s 00000000 08:01 2079921                    /var/cache/fontconfig/cabbd14511b9e8a55e92af97fb3a0461-le64.cache-7
7f5a64071000-7f5a64084000 r--s 00000000 08:01 2075014                    /var/cache/fontconfig/d52a8644073d54c13679302ca1180695-le64.cache-7
7f5a64084000-7f5a640d5000 r-xp 00000000 08:01 779514                     /lib/x86_64-linux-gnu/libmount.so.1.1.0
7f5a640d5000-7f5a642d4000 ---p 00051000 08:01 779514                     /lib/x86_64-linux-gnu/libmount.so.1.1.0
7f5a642d4000-7f5a642d6000 r--p 00050000 08:01 779514                     /lib/x86_64-linux-gnu/libmount.so.1.1.0
7f5a642d6000-7f5a642d7000 rw-p 00052000 08:01 779514                     /lib/x86_64-linux-gnu/libmount.so.1.1.0
7f5a642d7000-7f5a642d8000 rw-p 00000000 00:00 0 
7f5a642d8000-7f5a642ef000 r-xp 00000000 08:01 779548                     /lib/x86_64-linux-gnu/libresolv-2.27.so
7f5a642ef000-7f5a644ef000 ---p 00017000 08:01 779548                     /lib/x86_64-linux-gnu/libresolv-2.27.so
7f5a644ef000-7f5a644f0000 r--p 00017000 08:01 779548                     /lib/x86_64-linux-gnu/libresolv-2.27.so
7f5a644f0000-7f5a644f1000 rw-p 00018000 08:01 779548                     /lib/x86_64-linux-gnu/libresolv-2.27.so
7f5a644f1000-7f5a644f3000 rw-p 00000000 00:00 0 
7f5a644f3000-7f5a64518000 r-xp 00000000 08:01 779554                     /lib/x86_64-linux-gnu/libselinux.so.1
7f5a64518000-7f5a64717000 ---p 00025000 08:01 779554                     /lib/x86_64-linux-gnu/libselinux.so.1
7f5a64717000-7f5a64718000 r--p 00024000 08:01 779554                     /lib/x86_64-linux-gnu/libselinux.so.1
7f5a64718000-7f5a64719000 rw-p 00025000 08:01 779554                     /lib/x86_64-linux-gnu/libselinux.so.1
7f5a64719000-7f5a6471b000 rw-p 00000000 00:00 0 
7f5a6471b000-7f5a6482f000 r-xp 00000000 08:01 1300153                    /usr/lib/x86_64-linux-gnu/libglib-2.0.so.0.5600.4
7f5a6482f000-7f5a64a2f000 ---p 00114000 08:01 1300153                    /usr/lib/x86_64-linux-gnu/libglib-2.0.so.0.5600.4
7f5a64a2f000-7f5a64a30000 r--p 00114000 08:01 1300153                    /usr/lib/x86_64-linux-gnu/libglib-2.0.so.0.5600.4
7f5a64a30000-7f5a64a31000 rw-p 00115000 08:01 1300153                    /usr/lib/x86_64-linux-gnu/libglib-2.0.so.0.5600.4
7f5a64a31000-7f5a64a32000 rw-p 00000000 00:00 0 
7f5a64a32000-7f5a64a35000 r-xp 00000000 08:01 1300159                    /usr/lib/x86_64-linux-gnu/libgmodule-2.0.so.0.5600.4
7f5a64a35000-7f5a64c34000 ---p 00003000 08:01 1300159                    /usr/lib/x86_64-linux-gnu/libgmodule-2.0.so.0.5600.4
7f5a64c34000-7f5a64c35000 r--p 00002000 08:01 1300159                    /usr/lib/x86_64-linux-gnu/libgmodule-2.0.so.0.5600.4
7f5a64c35000-7f5a64c36000 rw-p 00003000 08:01 1300159                    /usr/lib/x86_64-linux-gnu/libgmodule-2.0.so.0.5600.4
7f5a64c36000-7f5a64c88000 r-xp 00000000 08:01 1300163                    /usr/lib/x86_64-linux-gnu/libgobject-2.0.so.0.5600.4
7f5a64c88000-7f5a64e88000 ---p 00052000 08:01 1300163                    /usr/lib/x86_64-linux-gnu/libgobject-2.0.so.0.5600.4
7f5a64e88000-7f5a64e89000 r--p 00052000 08:01 1300163                    /usr/lib/x86_64-linux-gnu/libgobject-2.0.so.0.5600.4
7f5a64e89000-7f5a64e8a000 rw-p 00053000 08:01 1300163                    /usr/lib/x86_64-linux-gnu/libgobject-2.0.so.0.5600.4
7f5a64e8a000-7f5a6501f000 r-xp 00000000 08:01 1300145                    /usr/lib/x86_64-linux-gnu/libgio-2.0.so.0.5600.4
7f5a6501f000-7f5a6521f000 ---p 00195000 08:01 1300145                    /usr/lib/x86_64-linux-gnu/libgio-2.0.so.0.5600.4
7f5a6521f000-7f5a65226000 r--p 00195000 08:01 1300145                    /usr/lib/x86_64-linux-gnu/libgio-2.0.so.0.5600.4
7f5a65226000-7f5a65227000 rw-p 0019c000 08:01 1300145                    /usr/lib/x86_64-linux-gnu/libgio-2.0.so.0.5600.4
7f5a65227000-7f5a65229000 rw-p 00000000 00:00 0 
7f5a65229000-7f5a65233000 r-xp 00000000 08:01 1299793                    /usr/lib/x86_64-linux-gnu/libXrandr.so.2.2.0
7f5a65233000-7f5a65432000 ---p 0000a000 08:01 1299793                    /usr/lib/x86_64-linux-gnu/libXrandr.so.2.2.0
7f5a65432000-7f5a65433000 r--p 00009000 08:01 1299793                    /usr/lib/x86_64-linux-gnu/libXrandr.so.2.2.0
7f5a65433000-7f5a65434000 rw-p 0000a000 08:01 1299793                    /usr/lib/x86_64-linux-gnu/libXrandr.so.2.2.0
7f5a65434000-7f5a65465000 r-xp 00000000 08:01 1300452                    /usr/lib/x86_64-linux-gnu/libpng16.so.16.34.0
7f5a65465000-7f5a65664000 ---p 00031000 08:01 1300452                    /usr/lib/x86_64-linux-gnu/libpng16.so.16.34.0
7f5a65664000-7f5a65665000 r--p 00030000 08:01 1300452                    /usr/lib/x86_64-linux-gnu/libpng16.so.16.34.0
7f5a65665000-7f5a65666000 rw-p 00031000 08:01 1300452                    /usr/lib/x86_64-linux-gnu/libpng16.so.16.34.0
7f5a65666000-7f5a65713000 r-xp 00000000 08:01 1300126                    /usr/lib/x86_64-linux-gnu/libfreetype.so.6.15.0
7f5a65713000-7f5a65912000 ---p 000ad000 08:01 1300126                    /usr/lib/x86_64-linux-gnu/libfreetype.so.6.15.0
7f5a65912000-7f5a65919000 r--p 000ac000 08:01 1300126                    /usr/lib/x86_64-linux-gnu/libfreetype.so.6.15.0
7f5a65919000-7f5a6591a000 rw-p 000b3000 08:01 1300126                    /usr/lib/x86_64-linux-gnu/libfreetype.so.6.15.0
7f5a6591a000-7f5a65a4e000 r-xp 00000000 08:01 2329337                    /usr/lib/jvm/java-11-openjdk-amd64/lib/libfontmanager.so
7f5a65a4e000-7f5a65c4e000 ---p 00134000 08:01 2329337                    /usr/lib/jvm/java-11-openjdk-amd64/lib/libfontmanager.so
7f5a65c4e000-7f5a65c4f000 r--p 00134000 08:01 2329337                    /usr/lib/jvm/java-11-openjdk-amd64/lib/libfontmanager.so
7f5a65c4f000-7f5a65c50000 rw-p 00135000 08:01 2329337                    /usr/lib/jvm/java-11-openjdk-amd64/lib/libfontmanager.so
7f5a65c50000-7f5a65c53000 rw-p 00000000 00:00 0 
7f5a65c53000-7f5a65c66000 r-xp 00000000 08:01 1033823                    /lib/x86_64-linux-gnu/libbsd.so.0.8.7
7f5a65c66000-7f5a65e65000 ---p 00013000 08:01 1033823                    /lib/x86_64-linux-gnu/libbsd.so.0.8.7
7f5a65e65000-7f5a65e66000 r--p 00012000 08:01 1033823                    /lib/x86_64-linux-gnu/libbsd.so.0.8.7
7f5a65e66000-7f5a65e67000 rw-p 00013000 08:01 1033823                    /lib/x86_64-linux-gnu/libbsd.so.0.8.7
7f5a65e67000-7f5a65e68000 rw-p 00000000 00:00 0 
7f5a65e68000-7f5a65e6d000 r-xp 00000000 08:01 1299773                    /usr/lib/x86_64-linux-gnu/libXdmcp.so.6.0.0
7f5a65e6d000-7f5a6606c000 ---p 00005000 08:01 1299773                    /usr/lib/x86_64-linux-gnu/libXdmcp.so.6.0.0
7f5a6606c000-7f5a6606d000 r--p 00004000 08:01 1299773                    /usr/lib/x86_64-linux-gnu/libXdmcp.so.6.0.0
7f5a6606d000-7f5a6606e000 rw-p 00005000 08:01 1299773                    /usr/lib/x86_64-linux-gnu/libXdmcp.so.6.0.0
7f5a6606e000-7f5a66070000 r-xp 00000000 08:01 1299762                    /usr/lib/x86_64-linux-gnu/libXau.so.6.0.0
7f5a66070000-7f5a66270000 ---p 00002000 08:01 1299762                    /usr/lib/x86_64-linux-gnu/libXau.so.6.0.0
7f5a66270000-7f5a66271000 r--p 00002000 08:01 1299762                    /usr/lib/x86_64-linux-gnu/libXau.so.6.0.0
7f5a66271000-7f5a66272000 rw-p 00003000 08:01 1299762                    /usr/lib/x86_64-linux-gnu/libXau.so.6.0.0
7f5a66272000-7f5a66298000 r-xp 00000000 08:01 1300655                    /usr/lib/x86_64-linux-gnu/libxcb.so.1.1.0
7f5a66298000-7f5a66498000 ---p 00026000 08:01 1300655                    /usr/lib/x86_64-linux-gnu/libxcb.so.1.1.0
7f5a66498000-7f5a66499000 r--p 00026000 08:01 1300655                    /usr/lib/x86_64-linux-gnu/libxcb.so.1.1.0
7f5a66499000-7f5a6649a000 rw-p 00027000 08:01 1300655                    /usr/lib/x86_64-linux-gnu/libxcb.so.1.1.0
7f5a6649a000-7f5a664a9000 r-xp 00000000 08:01 1299783                    /usr/lib/x86_64-linux-gnu/libXi.so.6.1.0
7f5a664a9000-7f5a666a8000 ---p 0000f000 08:01 1299783                    /usr/lib/x86_64-linux-gnu/libXi.so.6.1.0
7f5a666a8000-7f5a666a9000 r--p 0000e000 08:01 1299783                    /usr/lib/x86_64-linux-gnu/libXi.so.6.1.0
7f5a666a9000-7f5a666aa000 rw-p 0000f000 08:01 1299783                    /usr/lib/x86_64-linux-gnu/libXi.so.6.1.0
7f5a666aa000-7f5a666af000 r-xp 00000000 08:01 1299801                    /usr/lib/x86_64-linux-gnu/libXtst.so.6.1.0
7f5a666af000-7f5a668ae000 ---p 00005000 08:01 1299801                    /usr/lib/x86_64-linux-gnu/libXtst.so.6.1.0
7f5a668ae000-7f5a668af000 r--p 00004000 08:01 1299801                    /usr/lib/x86_64-linux-gnu/libXtst.so.6.1.0
7f5a668af000-7f5a668b0000 rw-p 00005000 08:01 1299801                    /usr/lib/x86_64-linux-gnu/libXtst.so.6.1.0
7f5a668b0000-7f5a668b9000 r-xp 00000000 08:01 1299795                    /usr/lib/x86_64-linux-gnu/libXrender.so.1.3.0
7f5a668b9000-7f5a66ab8000 ---p 00009000 08:01 1299795                    /usr/lib/x86_64-linux-gnu/libXrender.so.1.3.0
7f5a66ab8000-7f5a66ab9000 r--p 00008000 08:01 1299795                    /usr/lib/x86_64-linux-gnu/libXrender.so.1.3.0
7f5a66ab9000-7f5a66aba000 rw-p 00009000 08:01 1299795                    /usr/lib/x86_64-linux-gnu/libXrender.so.1.3.0
7f5a66aba000-7f5a66bed000 r-xp 00000000 08:01 1299760                    /usr/lib/x86_64-linux-gnu/libX11.so.6.3.0
7f5a66bed000-7f5a66ded000 ---p 00133000 08:01 1299760                    /usr/lib/x86_64-linux-gnu/libX11.so.6.3.0
7f5a66ded000-7f5a66dee000 r--p 00133000 08:01 1299760                    /usr/lib/x86_64-linux-gnu/libX11.so.6.3.0
7f5a66dee000-7f5a66df2000 rw-p 00134000 08:01 1299760                    /usr/lib/x86_64-linux-gnu/libX11.so.6.3.0
7f5a66df2000-7f5a66e03000 r-xp 00000000 08:01 1299775                    /usr/lib/x86_64-linux-gnu/libXext.so.6.4.0
7f5a66e03000-7f5a67002000 ---p 00011000 08:01 1299775                    /usr/lib/x86_64-linux-gnu/libXext.so.6.4.0
7f5a67002000-7f5a67003000 r--p 00010000 08:01 1299775                    /usr/lib/x86_64-linux-gnu/libXext.so.6.4.0
7f5a67003000-7f5a67004000 rw-p 00011000 08:01 1299775                    /usr/lib/x86_64-linux-gnu/libXext.so.6.4.0
7f5a67004000-7f5a67063000 r-xp 00000000 08:01 2329334                    /usr/lib/jvm/java-11-openjdk-amd64/lib/libawt_xawt.so
7f5a67063000-7f5a67263000 ---p 0005f000 08:01 2329334                    /usr/lib/jvm/java-11-openjdk-amd64/lib/libawt_xawt.so
7f5a67263000-7f5a67264000 r--p 0005f000 08:01 2329334                    /usr/lib/jvm/java-11-openjdk-amd64/lib/libawt_xawt.so
7f5a67264000-7f5a67266000 rw-p 00060000 08:01 2329334                    /usr/lib/jvm/java-11-openjdk-amd64/lib/libawt_xawt.so
7f5a67266000-7f5a67268000 rw-p 00000000 00:00 0 
7f5a67268000-7f5a67306000 r-xp 00000000 08:01 2329332                    /usr/lib/jvm/java-11-openjdk-amd64/lib/libawt.so
7f5a67306000-7f5a67506000 ---p 0009e000 08:01 2329332                    /usr/lib/jvm/java-11-openjdk-amd64/lib/libawt.so
7f5a67506000-7f5a67507000 r--p 0009e000 08:01 2329332                    /usr/lib/jvm/java-11-openjdk-amd64/lib/libawt.so
7f5a67507000-7f5a67512000 rw-p 0009f000 08:01 2329332                    /usr/lib/jvm/java-11-openjdk-amd64/lib/libawt.so
7f5a67512000-7f5a67537000 rw-p 00000000 00:00 0 
7f5a67537000-7f5a6754d000 r-xp 00000000 08:01 2329355                    /usr/lib/jvm/java-11-openjdk-amd64/lib/libnet.so
7f5a6754d000-7f5a6774c000 ---p 00016000 08:01 2329355                    /usr/lib/jvm/java-11-openjdk-amd64/lib/libnet.so
7f5a6774c000-7f5a6774d000 r--p 00015000 08:01 2329355                    /usr/lib/jvm/java-11-openjdk-amd64/lib/libnet.so
7f5a6774d000-7f5a6774e000 rw-p 00016000 08:01 2329355                    /usr/lib/jvm/java-11-openjdk-amd64/lib/libnet.so
7f5a6774e000-7f5a6775e000 r-xp 00000000 08:01 2329356                    /usr/lib/jvm/java-11-openjdk-amd64/lib/libnio.so
7f5a6775e000-7f5a6795d000 ---p 00010000 08:01 2329356                    /usr/lib/jvm/java-11-openjdk-amd64/lib/libnio.so
7f5a6795d000-7f5a6795e000 r--p 0000f000 08:01 2329356                    /usr/lib/jvm/java-11-openjdk-amd64/lib/libnio.so
7f5a6795e000-7f5a6795f000 rw-p 00010000 08:01 2329356                    /usr/lib/jvm/java-11-openjdk-amd64/lib/libnio.so
7f5a6795f000-7f5a67963000 ---p 00000000 00:00 0 
7f5a67963000-7f5a67a60000 rw-p 00000000 00:00 0 
7f5a67a60000-7f5a67a61000 ---p 00000000 00:00 0 
7f5a67a61000-7f5a67b62000 rw-p 00000000 00:00 0 
7f5a67b62000-7f5a67b66000 ---p 00000000 00:00 0 
7f5a67b66000-7f5a67c63000 rw-p 00000000 00:00 0 
7f5a67c63000-7f5a67c67000 ---p 00000000 00:00 0 
7f5a67c67000-7f5a67d64000 rw-p 00000000 00:00 0 
7f5a67d64000-7f5a67d68000 ---p 00000000 00:00 0 
7f5a67d68000-7f5a67e65000 rw-p 00000000 00:00 0 
7f5a67e65000-7f5a68000000 r--p 00000000 08:01 1295805                    /usr/lib/locale/locale-archive
7f5a68000000-7f5a68021000 rw-p 00000000 00:00 0 
7f5a68021000-7f5a6c000000 ---p 00000000 00:00 0 
7f5a6c000000-7f5a6c021000 rw-p 00000000 00:00 0 
7f5a6c021000-7f5a70000000 ---p 00000000 00:00 0 
7f5a70000000-7f5a70021000 rw-p 00000000 00:00 0 
7f5a70021000-7f5a74000000 ---p 00000000 00:00 0 
7f5a74001000-7f5a74005000 ---p 00000000 00:00 0 
7f5a74005000-7f5a74902000 rw-p 00000000 00:00 0 
7f5a74902000-7f5a74b72000 rwxp 00000000 00:00 0 
7f5a74b72000-7f5a74e91000 ---p 00000000 00:00 0 
7f5a74e91000-7f5a751e1000 rwxp 00000000 00:00 0 
7f5a751e1000-7f5a7c3c9000 ---p 00000000 00:00 0 
7f5a7c3c9000-7f5a7c639000 rwxp 00000000 00:00 0 
7f5a7c639000-7f5a83902000 ---p 00000000 00:00 0 
7f5a84000000-7f5a84021000 rw-p 00000000 00:00 0 
7f5a84021000-7f5a88000000 ---p 00000000 00:00 0 
7f5a8beff000-7f5a8bf03000 ---p 00000000 00:00 0 
7f5a8bf03000-7f5a8c000000 rw-p 00000000 00:00 0 
7f5a8c000000-7f5a8c2d0000 rw-p 00000000 00:00 0 
7f5a8c2d0000-7f5a90000000 ---p 00000000 00:00 0 
7f5a9000a000-7f5a9000e000 r--s 00000000 08:01 1046713                    /var/cache/fontconfig/d589a48862398ed80a3d6066f4f56f4c-le64.cache-7
7f5a9000e000-7f5a9003d000 r--s 00000000 08:01 2079921                    /var/cache/fontconfig/cabbd14511b9e8a55e92af97fb3a0461-le64.cache-7
7f5a9003d000-7f5a90041000 ---p 00000000 00:00 0 
7f5a90041000-7f5a9013e000 rw-p 00000000 00:00 0 
7f5a9013e000-7f5a90142000 ---p 00000000 00:00 0 
7f5a90142000-7f5a9023f000 rw-p 00000000 00:00 0 
7f5a9023f000-7f5a90243000 ---p 00000000 00:00 0 
7f5a90243000-7f5a90340000 rw-p 00000000 00:00 0 
7f5a90340000-7f5a90341000 ---p 00000000 00:00 0 
7f5a90341000-7f5a9058d000 rw-p 00000000 00:00 0 
7f5a9058d000-7f5a90673000 ---p 00000000 00:00 0 
7f5a90673000-7f5a9067a000 rw-p 00000000 00:00 0 
7f5a9067a000-7f5a9075e000 ---p 00000000 00:00 0 
7f5a9075e000-7f5a90765000 r-xp 00000000 08:01 2329365                    /usr/lib/jvm/java-11-openjdk-amd64/lib/libzip.so
7f5a90765000-7f5a90964000 ---p 00007000 08:01 2329365                    /usr/lib/jvm/java-11-openjdk-amd64/lib/libzip.so
7f5a90964000-7f5a90965000 r--p 00006000 08:01 2329365                    /usr/lib/jvm/java-11-openjdk-amd64/lib/libzip.so
7f5a90965000-7f5a90966000 rw-p 00007000 08:01 2329365                    /usr/lib/jvm/java-11-openjdk-amd64/lib/libzip.so
7f5a90966000-7f5a90971000 r-xp 00000000 08:01 779527                     /lib/x86_64-linux-gnu/libnss_files-2.27.so
7f5a90971000-7f5a90b70000 ---p 0000b000 08:01 779527                     /lib/x86_64-linux-gnu/libnss_files-2.27.so
7f5a90b70000-7f5a90b71000 r--p 0000a000 08:01 779527                     /lib/x86_64-linux-gnu/libnss_files-2.27.so
7f5a90b71000-7f5a90b72000 rw-p 0000b000 08:01 779527                     /lib/x86_64-linux-gnu/libnss_files-2.27.so
7f5a90b72000-7f5a90b78000 rw-p 00000000 00:00 0 
7f5a90b78000-7f5a90b8f000 r-xp 00000000 08:01 779503                     /lib/x86_64-linux-gnu/libnsl-2.27.so
7f5a90b8f000-7f5a90d8e000 ---p 00017000 08:01 779503                     /lib/x86_64-linux-gnu/libnsl-2.27.so
7f5a90d8e000-7f5a90d8f000 r--p 00016000 08:01 779503                     /lib/x86_64-linux-gnu/libnsl-2.27.so
7f5a90d8f000-7f5a90d90000 rw-p 00017000 08:01 779503                     /lib/x86_64-linux-gnu/libnsl-2.27.so
7f5a90d90000-7f5a90d92000 rw-p 00000000 00:00 0 
7f5a90d92000-7f5a90d9d000 r-xp 00000000 08:01 779531                     /lib/x86_64-linux-gnu/libnss_nis-2.27.so
7f5a90d9d000-7f5a90f9c000 ---p 0000b000 08:01 779531                     /lib/x86_64-linux-gnu/libnss_nis-2.27.so
7f5a90f9c000-7f5a90f9d000 r--p 0000a000 08:01 779531                     /lib/x86_64-linux-gnu/libnss_nis-2.27.so
7f5a90f9d000-7f5a90f9e000 rw-p 0000b000 08:01 779531                     /lib/x86_64-linux-gnu/libnss_nis-2.27.so
7f5a90f9e000-7f5a90fa6000 r-xp 00000000 08:01 779523                     /lib/x86_64-linux-gnu/libnss_compat-2.27.so
7f5a90fa6000-7f5a911a6000 ---p 00008000 08:01 779523                     /lib/x86_64-linux-gnu/libnss_compat-2.27.so
7f5a911a6000-7f5a911a7000 r--p 00008000 08:01 779523                     /lib/x86_64-linux-gnu/libnss_compat-2.27.so
7f5a911a7000-7f5a911a8000 rw-p 00009000 08:01 779523                     /lib/x86_64-linux-gnu/libnss_compat-2.27.so
7f5a911a8000-7f5a911ad000 r-xp 00000000 08:01 2329347                    /usr/lib/jvm/java-11-openjdk-amd64/lib/libjimage.so
7f5a911ad000-7f5a913ac000 ---p 00005000 08:01 2329347                    /usr/lib/jvm/java-11-openjdk-amd64/lib/libjimage.so
7f5a913ac000-7f5a913ad000 r--p 00004000 08:01 2329347                    /usr/lib/jvm/java-11-openjdk-amd64/lib/libjimage.so
7f5a913ad000-7f5a913ae000 rw-p 00005000 08:01 2329347                    /usr/lib/jvm/java-11-openjdk-amd64/lib/libjimage.so
7f5a913ae000-7f5a913d7000 r-xp 00000000 08:01 2329343                    /usr/lib/jvm/java-11-openjdk-amd64/lib/libjava.so
7f5a913d7000-7f5a915d7000 ---p 00029000 08:01 2329343                    /usr/lib/jvm/java-11-openjdk-amd64/lib/libjava.so
7f5a915d7000-7f5a915d8000 r--p 00029000 08:01 2329343                    /usr/lib/jvm/java-11-openjdk-amd64/lib/libjava.so
7f5a915d8000-7f5a915d9000 rw-p 0002a000 08:01 2329343                    /usr/lib/jvm/java-11-openjdk-amd64/lib/libjava.so
7f5a915d9000-7f5a915da000 rw-p 00000000 00:00 0 
7f5a915da000-7f5a915e7000 r-xp 00000000 08:01 2329364                    /usr/lib/jvm/java-11-openjdk-amd64/lib/libverify.so
7f5a915e7000-7f5a917e6000 ---p 0000d000 08:01 2329364                    /usr/lib/jvm/java-11-openjdk-amd64/lib/libverify.so
7f5a917e6000-7f5a917e8000 r--p 0000c000 08:01 2329364                    /usr/lib/jvm/java-11-openjdk-amd64/lib/libverify.so
7f5a917e8000-7f5a917e9000 rw-p 0000e000 08:01 2329364                    /usr/lib/jvm/java-11-openjdk-amd64/lib/libverify.so
7f5a917e9000-7f5a917f0000 r-xp 00000000 08:01 779550                     /lib/x86_64-linux-gnu/librt-2.27.so
7f5a917f0000-7f5a919ef000 ---p 00007000 08:01 779550                     /lib/x86_64-linux-gnu/librt-2.27.so
7f5a919ef000-7f5a919f0000 r--p 00006000 08:01 779550                     /lib/x86_64-linux-gnu/librt-2.27.so
7f5a919f0000-7f5a919f1000 rw-p 00007000 08:01 779550                     /lib/x86_64-linux-gnu/librt-2.27.so
7f5a919f1000-7f5a91a08000 r-xp 00000000 08:01 779502                     /lib/x86_64-linux-gnu/libgcc_s.so.1
7f5a91a08000-7f5a91c07000 ---p 00017000 08:01 779502                     /lib/x86_64-linux-gnu/libgcc_s.so.1
7f5a91c07000-7f5a91c08000 r--p 00016000 08:01 779502                     /lib/x86_64-linux-gnu/libgcc_s.so.1
7f5a91c08000-7f5a91c09000 rw-p 00017000 08:01 779502                     /lib/x86_64-linux-gnu/libgcc_s.so.1
7f5a91c09000-7f5a91da6000 r-xp 00000000 08:01 779510                     /lib/x86_64-linux-gnu/libm-2.27.so
7f5a91da6000-7f5a91fa5000 ---p 0019d000 08:01 779510                     /lib/x86_64-linux-gnu/libm-2.27.so
7f5a91fa5000-7f5a91fa6000 r--p 0019c000 08:01 779510                     /lib/x86_64-linux-gnu/libm-2.27.so
7f5a91fa6000-7f5a91fa7000 rw-p 0019d000 08:01 779510                     /lib/x86_64-linux-gnu/libm-2.27.so
7f5a91fa7000-7f5a92120000 r-xp 00000000 08:01 780290                     /usr/lib/x86_64-linux-gnu/libstdc++.so.6.0.25
7f5a92120000-7f5a92320000 ---p 00179000 08:01 780290                     /usr/lib/x86_64-linux-gnu/libstdc++.so.6.0.25
7f5a92320000-7f5a9232a000 r--p 00179000 08:01 780290                     /usr/lib/x86_64-linux-gnu/libstdc++.so.6.0.25
7f5a9232a000-7f5a9232c000 rw-p 00183000 08:01 780290                     /usr/lib/x86_64-linux-gnu/libstdc++.so.6.0.25
7f5a9232c000-7f5a92330000 rw-p 00000000 00:00 0 
7f5a92330000-7f5a9340e000 r-xp 00000000 08:01 2329378                    /usr/lib/jvm/java-11-openjdk-amd64/lib/server/libjvm.so
7f5a9340e000-7f5a9360d000 ---p 010de000 08:01 2329378                    /usr/lib/jvm/java-11-openjdk-amd64/lib/server/libjvm.so
7f5a9360d000-7f5a936ca000 r--p 010dd000 08:01 2329378                    /usr/lib/jvm/java-11-openjdk-amd64/lib/server/libjvm.so
7f5a936ca000-7f5a93703000 rw-p 0119a000 08:01 2329378                    /usr/lib/jvm/java-11-openjdk-amd64/lib/server/libjvm.so
7f5a93703000-7f5a9375a000 rw-p 00000000 00:00 0 
7f5a9375a000-7f5a93774000 r-xp 00000000 08:01 779546                     /lib/x86_64-linux-gnu/libpthread-2.27.so
7f5a93774000-7f5a93973000 ---p 0001a000 08:01 779546                     /lib/x86_64-linux-gnu/libpthread-2.27.so
7f5a93973000-7f5a93974000 r--p 00019000 08:01 779546                     /lib/x86_64-linux-gnu/libpthread-2.27.so
7f5a93974000-7f5a93975000 rw-p 0001a000 08:01 779546                     /lib/x86_64-linux-gnu/libpthread-2.27.so
7f5a93975000-7f5a93979000 rw-p 00000000 00:00 0 
7f5a93979000-7f5a9397c000 r-xp 00000000 08:01 779492                     /lib/x86_64-linux-gnu/libdl-2.27.so
7f5a9397c000-7f5a93b7b000 ---p 00003000 08:01 779492                     /lib/x86_64-linux-gnu/libdl-2.27.so
7f5a93b7b000-7f5a93b7c000 r--p 00002000 08:01 779492                     /lib/x86_64-linux-gnu/libdl-2.27.so
7f5a93b7c000-7f5a93b7d000 rw-p 00003000 08:01 779492                     /lib/x86_64-linux-gnu/libdl-2.27.so
7f5a93b7d000-7f5a93b99000 r-xp 00000000 08:01 779574                     /lib/x86_64-linux-gnu/libz.so.1.2.11
7f5a93b99000-7f5a93d98000 ---p 0001c000 08:01 779574                     /lib/x86_64-linux-gnu/libz.so.1.2.11
7f5a93d98000-7f5a93d99000 r--p 0001b000 08:01 779574                     /lib/x86_64-linux-gnu/libz.so.1.2.11
7f5a93d99000-7f5a93d9a000 rw-p 0001c000 08:01 779574                     /lib/x86_64-linux-gnu/libz.so.1.2.11
7f5a93d9a000-7f5a93f81000 r-xp 00000000 08:01 779482                     /lib/x86_64-linux-gnu/libc-2.27.so
7f5a93f81000-7f5a94181000 ---p 001e7000 08:01 779482                     /lib/x86_64-linux-gnu/libc-2.27.so
7f5a94181000-7f5a94185000 r--p 001e7000 08:01 779482                     /lib/x86_64-linux-gnu/libc-2.27.so
7f5a94185000-7f5a94187000 rw-p 001eb000 08:01 779482                     /lib/x86_64-linux-gnu/libc-2.27.so
7f5a94187000-7f5a9418b000 rw-p 00000000 00:00 0 
7f5a9418b000-7f5a9419b000 r-xp 00000000 08:01 2329325                    /usr/lib/jvm/java-11-openjdk-amd64/lib/jli/libjli.so
7f5a9419b000-7f5a9439a000 ---p 00010000 08:01 2329325                    /usr/lib/jvm/java-11-openjdk-amd64/lib/jli/libjli.so
7f5a9439a000-7f5a9439b000 r--p 0000f000 08:01 2329325                    /usr/lib/jvm/java-11-openjdk-amd64/lib/jli/libjli.so
7f5a9439b000-7f5a9439c000 rw-p 00010000 08:01 2329325                    /usr/lib/jvm/java-11-openjdk-amd64/lib/jli/libjli.so
7f5a9439c000-7f5a943c3000 r-xp 00000000 08:01 779463                     /lib/x86_64-linux-gnu/ld-2.27.so
7f5a943c6000-7f5a943ca000 r--s 00000000 08:01 1046713                    /var/cache/fontconfig/d589a48862398ed80a3d6066f4f56f4c-le64.cache-7
7f5a943ca000-7f5a943d3000 r--p 00000000 08:01 1549869                    /usr/share/glib-2.0/schemas/gschemas.compiled
7f5a943d3000-7f5a943d9000 rw-p 00000000 00:00 0 
7f5a943d9000-7f5a94424000 ---p 00000000 00:00 0 
7f5a94424000-7f5a94427000 rw-p 00000000 00:00 0 
7f5a94427000-7f5a9444c000 ---p 00000000 00:00 0 
7f5a9444c000-7f5a94452000 rw-p 00000000 00:00 0 
7f5a94452000-7f5a9449c000 ---p 00000000 00:00 0 
7f5a9449c000-7f5a9449d000 rw-p 00000000 00:00 0 
7f5a9449d000-7f5a944a1000 ---p 00000000 00:00 0 
7f5a944a1000-7f5a945a3000 rw-p 00000000 00:00 0 
7f5a945a3000-7f5a945a4000 r--s 00000000 08:01 11629212                   /home/runner/.cache/dconf/user
7f5a945a4000-7f5a945a9000 rw-p 00000000 00:00 0 
7f5a945a9000-7f5a945b0000 ---p 00000000 00:00 0 
7f5a945b0000-7f5a945b2000 r--s 00007000 08:01 3106318                    /usr/share/java/java-atk-wrapper.jar
7f5a945b2000-7f5a945ba000 rw-s 00000000 08:01 11629068                   /tmp/hsperfdata_runner/108
7f5a945ba000-7f5a945bb000 ---p 00000000 00:00 0 
7f5a945bb000-7f5a945bc000 r--p 00000000 00:00 0 
7f5a945bc000-7f5a945bd000 r--p 00000000 08:01 2080221                    /usr/local/lib/repl.so
7f5a945bd000-7f5a945be000 r-xp 00001000 08:01 2080221                    /usr/local/lib/repl.so
7f5a945be000-7f5a945bf000 r--p 00002000 08:01 2080221                    /usr/local/lib/repl.so
7f5a945bf000-7f5a945c0000 r--p 00002000 08:01 2080221                    /usr/local/lib/repl.so
7f5a945c0000-7f5a945c1000 rw-p 00003000 08:01 2080221                    /usr/local/lib/repl.so
7f5a945c1000-7f5a945c3000 rw-p 00000000 00:00 0 
7f5a945c3000-7f5a945c4000 r--p 00027000 08:01 779463                     /lib/x86_64-linux-gnu/ld-2.27.so
7f5a945c4000-7f5a945c5000 rw-p 00028000 08:01 779463                     /lib/x86_64-linux-gnu/ld-2.27.so
7f5a945c5000-7f5a945c6000 rw-p 00000000 00:00 0 
7ffeb1775000-7ffeb1796000 rw-p 00000000 00:00 0                          [stack]
7ffeb17f6000-7ffeb17f9000 r--p 00000000 00:00 0                          [vvar]
7ffeb17f9000-7ffeb17fa000 r-xp 00000000 00:00 0                          [vdso]
ffffffffff600000-ffffffffff601000 r-xp 00000000 00:00 0                  [vsyscall]


VM Arguments:
java_command: Main
java_class_path (initial): .
Launcher Type: SUN_STANDARD

[Global flags]
     intx CICompilerCount                          = 2                                         {product} {ergonomic}
   size_t InitialHeapSize                          = 16777216                                  {product} {ergonomic}
   size_t MaxHeapSize                              = 251658240                                 {product} {ergonomic}
   size_t MaxNewSize                               = 83886080                                  {product} {ergonomic}
   size_t MinHeapDeltaBytes                        = 196608                                    {product} {ergonomic}
   size_t NewSize                                  = 5570560                                   {product} {ergonomic}
    uintx NonNMethodCodeHeapSize                   = 5825164                                {pd product} {ergonomic}
    uintx NonProfiledCodeHeapSize                  = 122916538                              {pd product} {ergonomic}
   size_t OldSize                                  = 11206656                                  {product} {ergonomic}
    uintx ProfiledCodeHeapSize                     = 122916538                              {pd product} {ergonomic}
    uintx ReservedCodeCacheSize                    = 251658240                              {pd product} {ergonomic}
     bool SegmentedCodeCache                       = true                                      {product} {ergonomic}
     bool UseCompressedClassPointers               = true                                 {lp64_product} {ergonomic}
     bool UseCompressedOops                        = true                                 {lp64_product} {ergonomic}
     bool UseSerialGC                              = true                                      {product} {ergonomic}

Logging:
Log output configuration:
 #0: stdout all=warning uptime,level,tags
 #1: stderr all=off uptime,level,tags

Environment Variables:
PATH=/home/runner/.apt/usr/bin:/usr/local/go/bin:/opt/virtualenvs/python3/bin:/usr/GNUstep/System/Tools:/usr/GNUstep/Local/Tools:/usr/local/sbin:/usr/local/bin:/usr/sbin:/usr/bin:/sbin:/bin
LD_LIBRARY_PATH=/home/runner/.apt/usr/lib/x86_64-linux-gnu:/home/runner/.apt/usr/lib/i386-linux-gnu:/home/runner/.apt/usr/lib:
LD_PRELOAD=/usr/local/lib/repl.so
DISPLAY=MAGIC
LANG=en_US.UTF-8
LC_ALL=en_US.UTF-8

Signal Handlers:
SIGSEGV: [libjvm.so+0xdf9610], sa_mask[0]=11111111011111111101111111111110, sa_flags=SA_RESTART|SA_SIGINFO
SIGBUS: [libjvm.so+0xdf9610], sa_mask[0]=11111111011111111101111111111110, sa_flags=SA_RESTART|SA_SIGINFO
SIGFPE: [libjvm.so+0xdf9610], sa_mask[0]=11111111011111111101111111111110, sa_flags=SA_RESTART|SA_SIGINFO
SIGPIPE: SIG_IGN, sa_mask[0]=00000000000010000000000000000000, sa_flags=SA_RESTART
SIGXFSZ: [libjvm.so+0xbcc360], sa_mask[0]=11111111011111111101111111111110, sa_flags=SA_RESTART|SA_SIGINFO
SIGILL: [libjvm.so+0xdf9610], sa_mask[0]=11111111011111111101111111111110, sa_flags=SA_RESTART|SA_SIGINFO
SIGUSR2: [libjvm.so+0xbcc200], sa_mask[0]=00000000000000000000000000000000